<?xml version="1.0" encoding="UTF-8"?>
<!-- Generated by org.testng.reporters.JUnitReportReporter -->
<testsuite hostname="DESKTOP-5A7ANQT" failures="0" tests="1" name="SuitPack.Test4" time="22.524" errors="0" timestamp="2023-02-15T15:22:11 IST" skipped="0">
  <testcase classname="SuitPack.Test4" name="verifyTermsOfServiceLink" time="22.524"/>
  <system-out/>
</testsuite> <!-- SuitPack.Test4 -->
