<?xml version="1.0" encoding="UTF-8"?>
<!-- Generated by org.testng.reporters.JUnitReportReporter -->
<testsuite hostname="DESKTOP-5A7ANQT" failures="0" tests="2" name="SuitPack.Test1" time="26.053" errors="0" timestamp="2023-02-13T17:41:30 IST" skipped="0">
  <testcase classname="SuitPack.Test1" name="verifyLogInPage" time="13.215"/>
  <system-out/>
  <testcase classname="SuitPack.Test1" name="verifySignInPage" time="12.838"/>
  <system-out/>
</testsuite> <!-- SuitPack.Test1 -->
