<?xml version="1.0" encoding="UTF-8"?>
<!-- Generated by org.testng.reporters.JUnitReportReporter -->
<testsuite hostname="DESKTOP-5A7ANQT" failures="0" tests="12" name="SuitPack.Test3" time="201.312" errors="0" timestamp="2023-02-12T18:26:07 IST" skipped="0">
  <testcase classname="SuitPack.Test3" name="verifyText2" time="31.566"/>
  <system-out/>
  <testcase classname="SuitPack.Test3" name="verifyText" time="14.745"/>
  <system-out/>
  <testcase classname="SuitPack.Test3" name="verifyText" time="25.916"/>
  <system-out/>
  <testcase classname="SuitPack.Test3" name="verifyText" time="8.085"/>
  <system-out/>
  <testcase classname="SuitPack.Test3" name="verifyText1" time="19.861"/>
  <system-out/>
  <testcase classname="SuitPack.Test3" name="verifyText2" time="8.767"/>
  <system-out/>
  <testcase classname="SuitPack.Test3" name="verifyText1" time="30.575"/>
  <system-out/>
  <testcase classname="SuitPack.Test3" name="verifyText1" time="9.773"/>
  <system-out/>
  <testcase classname="SuitPack.Test3" name="verifyText" time="21.154"/>
  <system-out/>
  <testcase classname="SuitPack.Test3" name="verifyText1" time="12.249"/>
  <system-out/>
  <testcase classname="SuitPack.Test3" name="verifyText2" time="9.055"/>
  <system-out/>
  <testcase classname="SuitPack.Test3" name="verifyText2" time="9.566"/>
  <system-out/>
</testsuite> <!-- SuitPack.Test3 -->
