<?xml version="1.0" encoding="UTF-8"?>
<!-- Generated by org.testng.reporters.JUnitReportReporter -->
<testsuite hostname="DESKTOP-5A7ANQT" failures="0" tests="1" name="SuitPack.Test4" time="27.186" errors="0" timestamp="2023-02-16T11:07:13 IST" skipped="0">
  <testcase classname="SuitPack.Test4" name="verifyTermsOfServiceLink" time="27.186"/>
  <system-out/>
</testsuite> <!-- SuitPack.Test4 -->
