<?xml version="1.0" encoding="UTF-8"?>
<!-- Generated by org.testng.reporters.JUnitReportReporter -->
<testsuite hostname="DESKTOP-5A7ANQT" failures="0" tests="2" name="TestNGPack.TestNGClass" time="65.672" errors="0" timestamp="2023-01-28T13:29:45 IST" skipped="0">
  <testcase classname="TestNGPack.TestNGClass" name="verifySignInPage" time="10.192"/>
  <system-out/>
  <testcase classname="TestNGPack.TestNGClass" name="verifyLogInPage" time="55.480"/>
  <system-out/>
</testsuite> <!-- TestNGPack.TestNGClass -->
